Counting lines of all files in: d:\Programmation\Java\Workspace\Elektrode\src
Searching for files...
Found d:\Programmation\Java\Workspace\Elektrode\src\countLine.py...
Found d:\Programmation\Java\Workspace\Elektrode\src\countLine0.log...
Found d:\Programmation\Java\Workspace\Elektrode\src\io\github\nasso\elektrode\Elektrode.java...
Found d:\Programmation\Java\Workspace\Elektrode\src\io\github\nasso\elektrode\controller\AbstractWorldController.java...
Found d:\Programmation\Java\Workspace\Elektrode\src\io\github\nasso\elektrode\controller\Command.java...
Found d:\Programmation\Java\Workspace\Elektrode\src\io\github\nasso\elektrode\controller\CommandManager.java...
Found d:\Programmation\Java\Workspace\Elektrode\src\io\github\nasso\elektrode\controller\CommandStack.java...
Found d:\Programmation\Java\Workspace\Elektrode\src\io\github\nasso\elektrode\controller\WorldController.java...
Found d:\Programmation\Java\Workspace\Elektrode\src\io\github\nasso\elektrode\data\IOStreamUtils.java...
Found d:\Programmation\Java\Workspace\Elektrode\src\io\github\nasso\elektrode\data\WorldCodec.java...
Found d:\Programmation\Java\Workspace\Elektrode\src\io\github\nasso\elektrode\data\XMLWorldCodec.java...
Found d:\Programmation\Java\Workspace\Elektrode\src\io\github\nasso\elektrode\model\ActionItem.java...
Found d:\Programmation\Java\Workspace\Elektrode\src\io\github\nasso\elektrode\model\AndLogicGate.java...
Found d:\Programmation\Java\Workspace\Elektrode\src\io\github\nasso\elektrode\model\BooleanListener.java...
Found d:\Programmation\Java\Workspace\Elektrode\src\io\github\nasso\elektrode\model\DelayNode.java...
Found d:\Programmation\Java\Workspace\Elektrode\src\io\github\nasso\elektrode\model\DeleteItem.java...
Found d:\Programmation\Java\Workspace\Elektrode\src\io\github\nasso\elektrode\model\Generator.java...
Found d:\Programmation\Java\Workspace\Elektrode\src\io\github\nasso\elektrode\model\Input.java...
Found d:\Programmation\Java\Workspace\Elektrode\src\io\github\nasso\elektrode\model\Inventory.java...
Found d:\Programmation\Java\Workspace\Elektrode\src\io\github\nasso\elektrode\model\InventoryItem.java...
Found d:\Programmation\Java\Workspace\Elektrode\src\io\github\nasso\elektrode\model\LampComponent.java...
Found d:\Programmation\Java\Workspace\Elektrode\src\io\github\nasso\elektrode\model\LogicGate.java...
Found d:\Programmation\Java\Workspace\Elektrode\src\io\github\nasso\elektrode\model\MoveItem.java...
Found d:\Programmation\Java\Workspace\Elektrode\src\io\github\nasso\elektrode\model\Node.java...
Found d:\Programmation\Java\Workspace\Elektrode\src\io\github\nasso\elektrode\model\NodeItem.java...
Found d:\Programmation\Java\Workspace\Elektrode\src\io\github\nasso\elektrode\model\NoLogicGate.java...
Found d:\Programmation\Java\Workspace\Elektrode\src\io\github\nasso\elektrode\model\OrLogicGate.java...
Found d:\Programmation\Java\Workspace\Elektrode\src\io\github\nasso\elektrode\model\Output.java...
Found d:\Programmation\Java\Workspace\Elektrode\src\io\github\nasso\elektrode\model\SwitchComponent.java...
Found d:\Programmation\Java\Workspace\Elektrode\src\io\github\nasso\elektrode\model\WireItem.java...
Found d:\Programmation\Java\Workspace\Elektrode\src\io\github\nasso\elektrode\model\World.java...
Found d:\Programmation\Java\Workspace\Elektrode\src\io\github\nasso\elektrode\view\ClassicView.java...
Found d:\Programmation\Java\Workspace\Elektrode\src\io\github\nasso\elektrode\view\LongDialog.java...
Found d:\Programmation\Java\Workspace\Elektrode\src\io\github\nasso\elektrode\view\Renderable.java...
Found d:\Programmation\Java\Workspace\Elektrode\src\io\github\nasso\elektrode\view\View.java...
Found d:\Programmation\Java\Workspace\Elektrode\src\io\github\nasso\elektrode\view\Viewport.java...

Terminated, reading files...
Found 64 lines in: d:\Programmation\Java\Workspace\Elektrode\src\countLine.py
Found 1 lines in: d:\Programmation\Java\Workspace\Elektrode\src\countLine0.log
Found 634 lines in: d:\Programmation\Java\Workspace\Elektrode\src\io\github\nasso\elektrode\Elektrode.java
Found 38 lines in: d:\Programmation\Java\Workspace\Elektrode\src\io\github\nasso\elektrode\controller\AbstractWorldController.java
Found 7 lines in: d:\Programmation\Java\Workspace\Elektrode\src\io\github\nasso\elektrode\controller\Command.java
Found 22 lines in: d:\Programmation\Java\Workspace\Elektrode\src\io\github\nasso\elektrode\controller\CommandManager.java
Found 39 lines in: d:\Programmation\Java\Workspace\Elektrode\src\io\github\nasso\elektrode\controller\CommandStack.java
Found 26 lines in: d:\Programmation\Java\Workspace\Elektrode\src\io\github\nasso\elektrode\controller\WorldController.java
Found 31 lines in: d:\Programmation\Java\Workspace\Elektrode\src\io\github\nasso\elektrode\data\IOStreamUtils.java
Found 12 lines in: d:\Programmation\Java\Workspace\Elektrode\src\io\github\nasso\elektrode\data\WorldCodec.java
Found 493 lines in: d:\Programmation\Java\Workspace\Elektrode\src\io\github\nasso\elektrode\data\XMLWorldCodec.java
Found 7 lines in: d:\Programmation\Java\Workspace\Elektrode\src\io\github\nasso\elektrode\model\ActionItem.java
Found 11 lines in: d:\Programmation\Java\Workspace\Elektrode\src\io\github\nasso\elektrode\model\AndLogicGate.java
Found 5 lines in: d:\Programmation\Java\Workspace\Elektrode\src\io\github\nasso\elektrode\model\BooleanListener.java
Found 51 lines in: d:\Programmation\Java\Workspace\Elektrode\src\io\github\nasso\elektrode\model\DelayNode.java
Found 7 lines in: d:\Programmation\Java\Workspace\Elektrode\src\io\github\nasso\elektrode\model\DeleteItem.java
Found 12 lines in: d:\Programmation\Java\Workspace\Elektrode\src\io\github\nasso\elektrode\model\Generator.java
Found 68 lines in: d:\Programmation\Java\Workspace\Elektrode\src\io\github\nasso\elektrode\model\Input.java
Found 118 lines in: d:\Programmation\Java\Workspace\Elektrode\src\io\github\nasso\elektrode\model\Inventory.java
Found 64 lines in: d:\Programmation\Java\Workspace\Elektrode\src\io\github\nasso\elektrode\model\InventoryItem.java
Found 27 lines in: d:\Programmation\Java\Workspace\Elektrode\src\io\github\nasso\elektrode\model\LampComponent.java
Found 76 lines in: d:\Programmation\Java\Workspace\Elektrode\src\io\github\nasso\elektrode\model\LogicGate.java
Found 8 lines in: d:\Programmation\Java\Workspace\Elektrode\src\io\github\nasso\elektrode\model\MoveItem.java
Found 296 lines in: d:\Programmation\Java\Workspace\Elektrode\src\io\github\nasso\elektrode\model\Node.java
Found 66 lines in: d:\Programmation\Java\Workspace\Elektrode\src\io\github\nasso\elektrode\model\NodeItem.java
Found 13 lines in: d:\Programmation\Java\Workspace\Elektrode\src\io\github\nasso\elektrode\model\NoLogicGate.java
Found 11 lines in: d:\Programmation\Java\Workspace\Elektrode\src\io\github\nasso\elektrode\model\OrLogicGate.java
Found 92 lines in: d:\Programmation\Java\Workspace\Elektrode\src\io\github\nasso\elektrode\model\Output.java
Found 43 lines in: d:\Programmation\Java\Workspace\Elektrode\src\io\github\nasso\elektrode\model\SwitchComponent.java
Found 7 lines in: d:\Programmation\Java\Workspace\Elektrode\src\io\github\nasso\elektrode\model\WireItem.java
Found 111 lines in: d:\Programmation\Java\Workspace\Elektrode\src\io\github\nasso\elektrode\model\World.java
Found 850 lines in: d:\Programmation\Java\Workspace\Elektrode\src\io\github\nasso\elektrode\view\ClassicView.java
Found 71 lines in: d:\Programmation\Java\Workspace\Elektrode\src\io\github\nasso\elektrode\view\LongDialog.java
Found 9 lines in: d:\Programmation\Java\Workspace\Elektrode\src\io\github\nasso\elektrode\view\Renderable.java
Found 16 lines in: d:\Programmation\Java\Workspace\Elektrode\src\io\github\nasso\elektrode\view\View.java
Found 69 lines in: d:\Programmation\Java\Workspace\Elektrode\src\io\github\nasso\elektrode\view\Viewport.java

Counting finished: 3475 lines found.
